<?xml version="1.0" encoding="UTF-8" ?>
<testsuite tests="6" failures="0" name="pin.strengthchecker.PasswordStrengthCheckerTest" time="0.001" errors="0" skipped="0">
  <properties>
[...]
</properties>
  <testcase classname="pin.strengthchecker.PasswordStrengthCheckerTest" name="testModeratePasswordMissingUppercaseAndDigit" time="0"/>
  <testcase classname="pin.strengthchecker.PasswordStrengthCheckerTest" name="testWeakPasswordMissingThreeCriteria" time="0"/>
  <testcase classname="pin.strengthchecker.PasswordStrengthCheckerTest" name="testVeryStrongPassword" time="0"/>
  <testcase classname="pin.strengthchecker.PasswordStrengthCheckerTest" name="testStrongPasswordMissingLowerCase" time="0"/>
  <testcase classname="pin.strengthchecker.PasswordStrengthCheckerTest" name="testStrongPasswordMissingDigit" time="0.001"/>
  <testcase classname="pin.strengthchecker.PasswordStrengthCheckerTest" name="testWeakLengthPassword" time="0"/>
</testsuite>